                   +--------------------------------------------------+
                   |          Molecular Franck-Condon Factors         |
                   |               Calculation  Package               |
                   |             Version 3.0       Jan 2015           |
                   |                                                  |
                   |              Theoretical Chemistry               |
                   |               University of Torino               |
                   |                                                  |
                   |                                                  |
                   |            Implemented and mantained by          |
                   |                Raffaele Borrelli                 |
                   |            raffaele.borrelli@unito.it            |
                   +--------------------------------------------------+



                      ==============================================
                      Job started on:  26  November 2015 at 18: 7: 8
                      ==============================================




  =========================================
  Process ID:   37449
  Running on host: silversurfer.lan                                  
  =========================================

  reading Structure for state |S1>, molecule <c2h4>   from file ./c2h4_s1_D2.out 
  reading Vibrations for state |S1>, molecule <c2h4>   from file ./c2h4_s1_D2.out 
  Scaling frequencies of state   1 by a factor   1.0000
  reading Structure for state |S0>, molecule <c2h4>   from file ./c2h4_s0_D2.out 
  reading Vibrations for state |S0>, molecule <c2h4>   from file ./c2h4_s0_D2.out 
  Scaling frequencies of state   2 by a factor   1.0000



   -------------------------
   Atom Connectivity Matrix:  c2h4                
   -------------------------


             1     2     3     4     5     6
    1        3
    2        1     3
    3        0     1     1
    4        0     1     0     1
    5        1     0     0     0     1
    6        1     0     0     0     0     1



   -------------------------
   Atom Connectivity Matrix:  c2h4                
   -------------------------


             1     2     3     4     5     6
    1        3
    2        1     3
    3        0     1     1
    4        0     1     0     1
    5        1     0     0     0     1
    6        1     0     0     0     0     1

  +-------------------+
  | System Parameters |
  +-------------------+

  Number of Electronic States :   2

  Number of Molecules in each state :   1

  Total Number of Vibrational Modes :  12



                   +------------------------------------------+
                   |            ELECTRONIC STATE              |
                   |                  | S1 >                  |
                   +------------------------------------------+


  ----------------------
  Equilibrium geometries
  ----------------------

  ---------
  Molecule:  c2h4
  ---------

  atom     mass         x              y              z

  C          12.0000     0.00000       0.00000      -0.68655
  C          12.0000     0.00000       0.00000       0.68655
  H           1.0078    -0.63411       0.65107       1.28908
  H           1.0078     0.63411      -0.65107       1.28908
  H           1.0078     0.63411       0.65107      -1.28908
  H           1.0078    -0.63411      -0.65107      -1.28908




                   +------------------------------------------+
                   |            ELECTRONIC STATE              |
                   |                  | S0 >                  |
                   +------------------------------------------+


  ----------------------
  Equilibrium geometries
  ----------------------

  ---------
  Molecule:  c2h4
  ---------

  atom     mass         x              y              z

  C          12.0000     0.00000       0.00000       0.66957
  C          12.0000     0.00000       0.00000      -0.66957
  H           1.0078     0.00000       0.92641      -1.23508
  H           1.0078     0.00000      -0.92641      -1.23508
  H           1.0078     0.00000      -0.92641       1.23508
  H           1.0078     0.00000       0.92641       1.23508




  --------------------------------------------------------------
  Mass-weighted normal coordinates of electronic state  | S1>
  --------------------------------------------------------------



  ---------
  Molecule:  c2h4
  ---------



  Mode        1           2           3           4           5           6

  Freq.    732.92      744.70      945.70     1003.52     1009.96     1356.04
  
   C  x    -0.06631     0.22891     0.00000    -0.02844     0.42740     0.00000
      y     0.19892    -0.03270     0.00000     0.42664    -0.02849     0.00000
      z     0.00000     0.00000     0.00000     0.00000     0.00000     0.50235
   C  x     0.06631     0.22891     0.00000    -0.02844    -0.42740     0.00000
      y     0.19892     0.03270     0.00000    -0.42664    -0.02849     0.00000
      z     0.00000     0.00000     0.00000     0.00000     0.00000    -0.50235
   H  x    -0.17294    -0.36959     0.35850     0.05770     0.23947    -0.07279
      y    -0.37471    -0.16111     0.34854     0.23904     0.04954     0.08007
      z     0.24020    -0.24640     0.00000    -0.31323     0.31378    -0.33484
   H  x    -0.17294    -0.36959    -0.35850     0.05770     0.23947     0.07279
      y    -0.37471    -0.16111    -0.34854     0.23904     0.04954    -0.08007
      z    -0.24020     0.24640     0.00000     0.31323    -0.31378    -0.33484
   H  x     0.17294    -0.36959    -0.35850     0.05770    -0.23947     0.07279
      y    -0.37471     0.16111     0.34854    -0.23904     0.04954     0.08007
      z    -0.24020    -0.24640     0.00000    -0.31323    -0.31378     0.33484
   H  x     0.17294    -0.36959     0.35850     0.05770    -0.23947    -0.07279
      y    -0.37471     0.16111    -0.34854    -0.23904     0.04954    -0.08007
      z     0.24020     0.24640     0.00000     0.31323     0.31378     0.33484


  Mode        7           8           9          10          11          12

  Freq.   1384.75     1529.40     3092.93     3133.33     3150.98     3151.54
  
   C  x     0.00000     0.00000     0.00000     0.00000     0.16404     0.16409
      y     0.00000     0.00000     0.00000     0.00000     0.16404     0.16409
      z     0.22756     0.47587     0.13714     0.16646     0.00000     0.00000
   C  x     0.00000     0.00000     0.00000     0.00000     0.16404    -0.16409
      y     0.00000     0.00000     0.00000     0.00000    -0.16404     0.16409
      z     0.22756    -0.47587     0.13714    -0.16646     0.00000     0.00000
   H  x    -0.17900     0.18388     0.29808    -0.28944    -0.26621     0.27582
      y     0.18842    -0.17622    -0.30802     0.29908     0.28523    -0.27582
      z    -0.39568     0.26816    -0.23847     0.25084     0.26621    -0.26631
   H  x     0.17900    -0.18388    -0.29808     0.28944    -0.26621     0.27582
      y    -0.18842     0.17622     0.30802    -0.29908     0.28523    -0.27582
      z    -0.39568     0.26816    -0.23847     0.25084    -0.26621     0.26631
   H  x    -0.17900    -0.18388     0.29808     0.28944    -0.26621    -0.27582
      y    -0.18842    -0.17622     0.30802     0.29908    -0.28523    -0.27582
      z    -0.39568    -0.26816    -0.23847    -0.25084     0.26621     0.26631
   H  x     0.17900     0.18388    -0.29808    -0.28944    -0.26621    -0.27582
      y     0.18842     0.17622    -0.30802    -0.29908    -0.28523    -0.27582
      z    -0.39568    -0.26816    -0.23847    -0.25084    -0.26621    -0.26631


  --------------------------------------------------------------
  Mass-weighted normal coordinates of electronic state  | S0>
  --------------------------------------------------------------



  ---------
  Molecule:  c2h4
  ---------



  Mode        1           2           3           4           5           6

  Freq.    756.05      829.46      956.72     1057.88     1237.54     1382.14
  
   C  x     0.42315     0.00000     0.25715     0.00000     0.00000     0.00000
      y     0.00000     0.13639     0.00000     0.00000     0.42292     0.00000
      z     0.00000     0.00000     0.00000     0.00000     0.00000    -0.33759
   C  x    -0.42315     0.00000     0.25715     0.00000     0.00000     0.00000
      y     0.00000     0.13639     0.00000     0.00000    -0.42292     0.00000
      z     0.00000     0.00000     0.00000     0.00000     0.00000     0.33759
   H  x     0.40059     0.00000    -0.46577     0.50000     0.00000     0.00000
      y     0.00000    -0.22728     0.00000     0.00000     0.11439     0.16009
      z     0.00000    -0.43479     0.00000     0.00000     0.38403     0.40913
   H  x     0.40059     0.00000    -0.46577    -0.50000     0.00000     0.00000
      y     0.00000    -0.22728     0.00000     0.00000     0.11439    -0.16009
      z     0.00000     0.43479     0.00000     0.00000    -0.38403     0.40913
   H  x    -0.40059     0.00000    -0.46577     0.50000     0.00000     0.00000
      y     0.00000    -0.22728     0.00000     0.00000    -0.11439    -0.16009
      z     0.00000    -0.43479     0.00000     0.00000    -0.38403    -0.40913
   H  x    -0.40059     0.00000    -0.46577    -0.50000     0.00000     0.00000
      y     0.00000    -0.22728     0.00000     0.00000    -0.11439     0.16009
      z     0.00000     0.43479     0.00000     0.00000     0.38403    -0.40913


  Mode        7           8           9          10          11          12

  Freq.   1481.56     1674.89     3175.16     3192.79     3264.90     3291.57
  
   C  x     0.00000     0.00000     0.00000     0.00000     0.00000     0.00000
      y     0.00000     0.00000     0.00000     0.00000     0.23107     0.23107
      z     0.23002     0.59359     0.13615     0.16844     0.00000     0.00000
   C  x     0.00000     0.00000     0.00000     0.00000     0.00000     0.00000
      y     0.00000     0.00000     0.00000     0.00000    -0.23107     0.23107
      z     0.23002    -0.59359     0.13615    -0.16844     0.00000     0.00000
   H  x     0.00000     0.00000     0.00000     0.00000     0.00000     0.00000
      y    -0.26664     0.21948     0.42417    -0.41981     0.40179    -0.40179
      z    -0.39044     0.16016    -0.24661     0.24408    -0.24873     0.24873
   H  x     0.00000     0.00000     0.00000     0.00000     0.00000     0.00000
      y     0.26664    -0.21948    -0.42417     0.41981     0.40179    -0.40179
      z    -0.39044     0.16016    -0.24661     0.24408     0.24873    -0.24873
   H  x     0.00000     0.00000     0.00000     0.00000     0.00000     0.00000
      y    -0.26664    -0.21948     0.42417     0.41981    -0.40179    -0.40179
      z    -0.39044    -0.16016    -0.24661    -0.24408     0.24873     0.24873
   H  x     0.00000     0.00000     0.00000     0.00000     0.00000     0.00000
      y     0.26664     0.21948    -0.42417    -0.41981    -0.40179    -0.40179
      z    -0.39044    -0.16016    -0.24661    -0.24408    -0.24873    -0.24873

  +---------------------------+
  | Axis Switching Procedure  |
  +---------------------------+



  ---------------------
  Axis-switching matrix  3
  ---------------------


  Mode       1           2           3


    1     0.00000    -1.00000     0.00000
    2    -1.00000     0.00000     0.00000
    3     0.00000     0.00000    -1.00000

  Matrix determinant: -1.0000

  Zero order Eckart Conditions after rotation:  0.00000E+00

  ----------------------
  Equilibrium geometries
  ----------------------

  ---------
  Molecule:  c2h4
  ---------

  atom     mass         x              y              z

  C          12.0000     0.00000       0.00000      -0.68655
  C          12.0000     0.00000       0.00000       0.68655
  H           1.0078    -0.63411       0.65107       1.28908
  H           1.0078     0.63411      -0.65107       1.28908
  H           1.0078     0.63411       0.65107      -1.28908
  H           1.0078    -0.63411      -0.65107      -1.28908



  ----------------------
  Equilibrium geometries
  ----------------------

  ---------
  Molecule:  c2h4
  ---------

  atom     mass         x              y              z

  C          12.0000     0.00000       0.00000      -0.66957
  C          12.0000     0.00000       0.00000       0.66957
  H           1.0078    -0.92641       0.00000       1.23508
  H           1.0078     0.92641      -0.00000       1.23508
  H           1.0078     0.92641      -0.00000      -1.23508
  H           1.0078    -0.92641       0.00000      -1.23508




  --------------------------------------------------------------
  Mass-weighted normal coordinates of electronic state  | S1>
  --------------------------------------------------------------



  ---------
  Molecule:  c2h4
  ---------



  Mode        1           2           3           4           5           6

  Freq.    732.92      744.70      945.70     1003.52     1009.96     1356.04
  
   C  x    -0.06631     0.22891     0.00000    -0.02844     0.42740     0.00000
      y     0.19892    -0.03270     0.00000     0.42664    -0.02849     0.00000
      z     0.00000     0.00000     0.00000     0.00000     0.00000     0.50235
   C  x     0.06631     0.22891     0.00000    -0.02844    -0.42740     0.00000
      y     0.19892     0.03270     0.00000    -0.42664    -0.02849     0.00000
      z     0.00000     0.00000     0.00000     0.00000     0.00000    -0.50235
   H  x    -0.17294    -0.36959     0.35850     0.05770     0.23947    -0.07279
      y    -0.37471    -0.16111     0.34854     0.23904     0.04954     0.08007
      z     0.24020    -0.24640     0.00000    -0.31323     0.31378    -0.33484
   H  x    -0.17294    -0.36959    -0.35850     0.05770     0.23947     0.07279
      y    -0.37471    -0.16111    -0.34854     0.23904     0.04954    -0.08007
      z    -0.24020     0.24640     0.00000     0.31323    -0.31378    -0.33484
   H  x     0.17294    -0.36959    -0.35850     0.05770    -0.23947     0.07279
      y    -0.37471     0.16111     0.34854    -0.23904     0.04954     0.08007
      z    -0.24020    -0.24640     0.00000    -0.31323    -0.31378     0.33484
   H  x     0.17294    -0.36959     0.35850     0.05770    -0.23947    -0.07279
      y    -0.37471     0.16111    -0.34854    -0.23904     0.04954    -0.08007
      z     0.24020     0.24640     0.00000     0.31323     0.31378     0.33484


  Mode        7           8           9          10          11          12

  Freq.   1384.75     1529.40     3092.93     3133.33     3150.98     3151.54
  
   C  x     0.00000     0.00000     0.00000     0.00000     0.16404     0.16409
      y     0.00000     0.00000     0.00000     0.00000     0.16404     0.16409
      z     0.22756     0.47587     0.13714     0.16646     0.00000     0.00000
   C  x     0.00000     0.00000     0.00000     0.00000     0.16404    -0.16409
      y     0.00000     0.00000     0.00000     0.00000    -0.16404     0.16409
      z     0.22756    -0.47587     0.13714    -0.16646     0.00000     0.00000
   H  x    -0.17900     0.18388     0.29808    -0.28944    -0.26621     0.27582
      y     0.18842    -0.17622    -0.30802     0.29908     0.28523    -0.27582
      z    -0.39568     0.26816    -0.23847     0.25084     0.26621    -0.26631
   H  x     0.17900    -0.18388    -0.29808     0.28944    -0.26621     0.27582
      y    -0.18842     0.17622     0.30802    -0.29908     0.28523    -0.27582
      z    -0.39568     0.26816    -0.23847     0.25084    -0.26621     0.26631
   H  x    -0.17900    -0.18388     0.29808     0.28944    -0.26621    -0.27582
      y    -0.18842    -0.17622     0.30802     0.29908    -0.28523    -0.27582
      z    -0.39568    -0.26816    -0.23847    -0.25084     0.26621     0.26631
   H  x     0.17900     0.18388    -0.29808    -0.28944    -0.26621    -0.27582
      y     0.18842     0.17622    -0.30802    -0.29908    -0.28523    -0.27582
      z    -0.39568    -0.26816    -0.23847    -0.25084    -0.26621    -0.26631


  --------------------------------------------------------------
  Mass-weighted normal coordinates of electronic state  | S0>
  --------------------------------------------------------------



  ---------
  Molecule:  c2h4
  ---------



  Mode        1           2           3           4           5           6

  Freq.    756.05      829.46      956.72     1057.88     1237.54     1382.14
  
   C  x     0.00000    -0.13639     0.00000     0.00000    -0.42292     0.00000
      y    -0.42315     0.00000    -0.25715     0.00000     0.00000     0.00000
      z     0.00000     0.00000     0.00000     0.00000     0.00000     0.33759
   C  x    -0.00000    -0.13639     0.00000     0.00000     0.42292     0.00000
      y     0.42315     0.00000    -0.25715     0.00000    -0.00000     0.00000
      z     0.00000     0.00000     0.00000     0.00000     0.00000    -0.33759
   H  x     0.00000     0.22728    -0.00000     0.00000    -0.11439    -0.16009
      y    -0.40059    -0.00000     0.46577    -0.50000     0.00000     0.00000
      z     0.00000     0.43479     0.00000     0.00000    -0.38403    -0.40913
   H  x     0.00000     0.22728    -0.00000    -0.00000    -0.11439     0.16009
      y    -0.40059    -0.00000     0.46577     0.50000     0.00000    -0.00000
      z     0.00000    -0.43479     0.00000     0.00000     0.38403    -0.40913
   H  x    -0.00000     0.22728    -0.00000     0.00000     0.11439     0.16009
      y     0.40059    -0.00000     0.46577    -0.50000    -0.00000    -0.00000
      z     0.00000     0.43479     0.00000     0.00000     0.38403     0.40913
   H  x    -0.00000     0.22728    -0.00000    -0.00000     0.11439    -0.16009
      y     0.40059    -0.00000     0.46577     0.50000    -0.00000     0.00000
      z     0.00000    -0.43479     0.00000     0.00000    -0.38403     0.40913


  Mode        7           8           9          10          11          12

  Freq.   1481.56     1674.89     3175.16     3192.79     3264.90     3291.57
  
   C  x     0.00000     0.00000     0.00000     0.00000    -0.23107    -0.23107
      y     0.00000     0.00000     0.00000     0.00000     0.00000     0.00000
      z    -0.23002    -0.59359    -0.13615    -0.16844     0.00000     0.00000
   C  x     0.00000     0.00000     0.00000     0.00000     0.23107    -0.23107
      y     0.00000     0.00000     0.00000     0.00000    -0.00000     0.00000
      z    -0.23002     0.59359    -0.13615     0.16844     0.00000     0.00000
   H  x     0.26664    -0.21948    -0.42417     0.41981    -0.40179     0.40179
      y    -0.00000     0.00000     0.00000    -0.00000     0.00000    -0.00000
      z     0.39044    -0.16016     0.24661    -0.24408     0.24873    -0.24873
   H  x    -0.26664     0.21948     0.42417    -0.41981    -0.40179     0.40179
      y     0.00000    -0.00000    -0.00000     0.00000     0.00000    -0.00000
      z     0.39044    -0.16016     0.24661    -0.24408    -0.24873     0.24873
   H  x     0.26664     0.21948    -0.42417    -0.41981     0.40179     0.40179
      y    -0.00000    -0.00000     0.00000     0.00000    -0.00000    -0.00000
      z     0.39044     0.16016     0.24661     0.24408    -0.24873    -0.24873
   H  x    -0.26664    -0.21948     0.42417     0.41981     0.40179     0.40179
      y     0.00000     0.00000    -0.00000    -0.00000    -0.00000    -0.00000
      z     0.39044     0.16016     0.24661     0.24408     0.24873     0.24873



    +----------------------------------------------------+
    |  Transformation matrix J from the normal modes of  |
    |  state 2 (Q2) to those of the state 1 (Q1)         |
    |                                                    |
    |        Q1 = J * Q2 + K       (J = L1^(tr)L2)       |
    +----------------------------------------------------+


                   1           2           3           4           5           6
 
    1        0.00000     0.00000    -0.88119     0.00000    -0.73332    -0.00000
    2        1.02748    -0.57055     0.00000    -0.00000    -0.00000     0.00000
    3        0.00000     0.00000    -0.00000    -0.98104     0.00000    -0.00188
    4       -0.57925    -0.66532     0.00000    -0.00000     0.00000     0.00000
    5        0.00000     0.00000     0.46810     0.00000    -0.87656    -0.00000
    6       -0.00000     0.00000    -0.00000    -0.00018     0.00000     0.95813
    7        0.00000     0.00000     0.00000    -0.00000    -0.00000     0.00000
    8        0.00000    -0.00000     0.00000     0.00045    -0.00000    -0.29649
    9        0.00000    -0.00000    -0.00000     0.00000    -0.00000    -0.00000
   10       -0.00000     0.00000    -0.00000    -0.00072     0.00000    -0.01579
   11       -0.02454     0.02095     0.00000     0.00000     0.00000    -0.00000
   12        0.00000    -0.00000     0.01982     0.00000     0.02053    -0.00000

                   7           8           9          10          11          12
 
    1       -0.00000    -0.00000     0.00000    -0.00000    -0.11975    -0.00000
    2        0.00000     0.00000     0.00000     0.00000     0.00000     0.00271
    3        0.00000     0.01891    -0.00000     0.00289     0.00000    -0.00000
    4        0.00000     0.00000     0.00000     0.00000     0.00000     0.10065
    5       -0.00000    -0.00000     0.00000    -0.00000    -0.04795    -0.00000
    6        0.00000    -0.28238    -0.00000     0.01331     0.00000     0.00000
    7       -1.00553     0.00000    -0.05341     0.00000    -0.00000     0.00000
    8        0.00000    -0.96431     0.00000    -0.01935     0.00000    -0.00000
    9        0.05504     0.00000    -0.99618     0.00000     0.00000     0.00000
   10       -0.00000     0.04292    -0.00000    -0.99677     0.00000     0.00000
   11        0.00000    -0.00000     0.00000    -0.00000    -0.00000    -1.00382
   12       -0.00000    -0.00000    -0.00000    -0.00000    -0.99927    -0.00000


  -------------------
  Metric determinant:  1.126337
  -------------------



  Normal modes in internal coordinates for state |1>

                   1           2           3           4           5           6
 
    1        0.00000     0.00000     0.00000     0.00000     0.00000    -0.29003
    2       -0.01363    -0.01545    -0.00037    -0.00511    -0.00338    -0.01438
    3        0.01363     0.01545    -0.00037     0.00511     0.00338    -0.01438
    4       -0.01363     0.01545    -0.00037     0.00511    -0.00338    -0.01438
    5        0.01363    -0.01545    -0.00037    -0.00511     0.00338    -0.01438
    6        0.00000     0.00000    -0.00134     0.00000     0.00000     1.19210
    7        0.50420     0.53919     0.00000     0.94985     0.94270     0.00000
    8       -0.74627     0.72264     0.00000    -0.62161     0.62571     0.00000
    9        0.00000     0.00000    -0.00134     0.00000     0.00000     1.19210
   10        0.50420    -0.53919     0.00000    -0.94985     0.94270     0.00000
   11       -0.74627    -0.72264     0.00000     0.62161     0.62571     0.00000
   12        0.00000     0.00000    -4.38408    -0.00000    -0.00000    -0.03262

                   7           8           9          10          11          12
 
    1        0.00000    -0.27475     0.00000    -0.09610     0.00000     0.00000
    2        0.03833     0.01218     0.50900     0.51016    -0.52618    -0.52623
    3        0.03833     0.01218     0.50900     0.51016     0.52618     0.52623
    4       -0.03833     0.01218    -0.50900     0.51016     0.52618    -0.52623
    5       -0.03833     0.01218    -0.50900     0.51016    -0.52618     0.52623
    6       -2.89590    -2.62591     0.02721    -0.10580     0.00000    -0.00000
    7        0.00000    -0.00000     0.00000     0.00000     0.15509     0.15240
    8        0.00000     0.00000     0.00000     0.00000    -0.06038     0.05941
    9        2.89590    -2.62591    -0.02721    -0.10580     0.00000    -0.00000
   10        0.00000    -0.00000     0.00000     0.00000    -0.15509     0.15240
   11        0.00000     0.00000     0.00000     0.00000     0.06038     0.05941
   12        0.00000    -0.07696     0.00000    -0.01166     0.00000     0.00000


  +--------------------------------------------------------------+
  |  Frequencies of the vibrations of the two electronic states  |
  |  their difference and normal coordinates shift K:            |
  |                                                              |
  |    Q1 = L1(tr)*(x-x01); Q2=L2(tr)*(x-x02)                    |
  |    Q1 = J Q2 + K;  J = L1(tr)*L2; K = L1(tr)*(x02-x01)       |
  +--------------------------------------------------------------+


  ---------
  Molecule: c2h4                
  ---------



  Mode    freq. |1>    freq. |2>   K (adim)   J(tr)*K (adim)   K (Ang*amu^1/2)   J(tr)*K (Ang*amu^1/2)

    1      732.92        756.05        -0.000       -0.000       -0.000       -0.000
    2      744.70        829.46         0.000        0.000        0.000        0.000
    3      945.70        956.72        -7.721        0.000       -1.458        0.000
    4     1003.52       1057.88         0.000       -8.321        0.000       -1.485
    5     1009.96       1237.54        -0.000        0.000       -0.000        0.000
    6     1356.04       1382.14         0.883       -0.894        0.139       -0.140
    7     1384.75       1481.56        -0.000        0.000       -0.000        0.000
    8     1529.40       1674.89        -0.143        0.143       -0.021        0.020
    9     3092.93       3175.16        -0.000       -0.000       -0.000       -0.000
   10     3133.33       3192.79        -0.063       -0.023       -0.007       -0.002
   11     3150.98       3264.90        -0.000        0.000       -0.000        0.000
   12     3151.54       3291.57         0.000       -0.000        0.000       -0.000


  +----------------------+
  | Internal coordinates |
  +----------------------+

    1  s       1  2      1.373        1.339
                      1.373        1.339       -0.034
    2  s       1  5      1.090        1.085
                      1.090        1.085       -0.005
    3  s       1  6      1.090        1.085
                      1.090        1.085       -0.005
    4  s       2  3      1.090        1.085
                      1.090        1.085       -0.005
    5  s       2  4      1.090        1.085
                      1.090        1.085       -0.005
    6  b       5  1  6    112.914      117.198
    6  b       2  1  5    123.543      121.401
    6  b       2  1  6    123.543      121.401
                       -21.257       -8.407       12.850
    7  b       2  1  5    123.543      121.401
    7  b       2  1  6    123.543      121.401
                         0.000        0.000        0.000
    8  w       2  5  6  1      0.000        0.000
                            0.000        0.000        0.000
    9  b       3  2  4    112.914      117.198
    9  b       1  2  3    123.543      121.401
    9  b       1  2  4    123.543      121.401
                       -21.257       -8.407       12.850
   10  b       1  2  3    123.543      121.401
   10  b       1  2  4    123.543      121.401
                         0.000        0.000        0.000
   11  w       1  3  4  2      0.000        0.000
                            0.000        0.000        0.000
   12  d       3  2  1  5     88.488      180.000
   12  d       4  2  1  5    268.488        0.000
   12  d       3  2  1  6    268.488        0.000
   12  d       4  2  1  6     88.488      180.000
                          713.951      360.000      366.049


  -------------------
  Reduced Frequencies
  -------------------

  ---------
  Molecule: c2h4                
  ---------

    1      21.739       22.425
    2      22.088       24.602
    3      28.050       28.377
    4      29.765       31.377
    5      29.956       36.706
    6      40.221       40.995
    7      41.072       43.944
    8      45.363       49.678
    9      91.737       94.176
   10      92.935       94.699
   11      93.459       96.838
   12      93.476       97.629

  -----------------------
  Reorganization Energies
  -----------------------
                    cm-1      meV       e-ph 
    1  732.92       0.000     0.00000      -0.0
    2  744.70       0.000     0.00000       0.0
    3  945.70   28191.100  3495.26992   -7302.1
    4 1003.52       0.000     0.00000       0.0
    5 1009.96       0.000     0.00000      -0.0
    6 1356.04     529.007    65.58882    1197.8
    7 1384.75       0.000     0.00000      -0.0
    8 1529.40      15.545     1.92733    -218.1
    9 3092.93       0.000     0.00000      -0.0
   10 3133.33       6.194     0.76793    -197.0
   11 3150.98       0.000     0.00000      -0.0
   12 3151.54       0.000     0.00000       0.0

  -----------------------
  Total Reorganization Energy
  ---------------------------
  Lambda  28741.845     3563.554



  +--------------------------------------+
  | Franck-Condon Integrals Calculation  |
  +--------------------------------------+


  +---------------+
  | Group  1      |
  +---------------+
  Num. Franck-Condon Integrals :          1

 Computing class :           1  integrals.
 FCSUM:   0.362315389642795     
 Computing class :           2  integrals.
 FCSUM:   0.362318242594971     
 Computing class :           3  integrals.
 FCSUM:   0.362318242759006     
