                   +--------------------------------------------------+
                   |          Molecular Franck-Condon Factors         |
                   |               Calculation  Package               |
                   |                                                  |
                   |            Theoretical Chemistry Group           |
                   |               University of Salerno              |
                   |                                                  |
                   |            http://www.theochem.unisa.it/         |
                   |                                                  |
                   |                                                  |
                   |             Version 3.0alpha, 27 Set 2007        |
                   |                                                  |
                   |            Implemented and mantained by          |
                   |                Raffaele Borrelli                 |
                   |                rborrelli@unisa.it                |
                   +--------------------------------------------------+



                      ==============================================
                      Job started on:  28      June 2013 at 11: 6:38
                      ==============================================




  =========================================
  Process ID:    2976
  Running on host: ichigo                                            
  =========================================

  reading Structure for state |S0>, molecule <c2h4>   from file ./c2h4_s0_D2.out 
  reading Vibrations for state |S0>, molecule <c2h4>   from file ./c2h4_s0_D2.out 
  reading Structure for state |S1>, molecule <c2h4>   from file ./c2h4_s1_D2.out 
  reading Vibrations for state |S1>, molecule <c2h4>   from file ./c2h4_s1_D2.out 

  +-------------------+
  | System Parameters |
  +-------------------+

  Number of Electronic States :   2

  Number of Molecules in each state :   1

  Total Number of Vibrational Modes :  12



                   +------------------------------------------+
                   |            ELECTRONIC STATE              |
                   |                  | S0 >                  |
                   +------------------------------------------+


  ----------------------
  Equilibrium geometries
  ----------------------

  ---------
  Molecule:  c2h4
  ---------

  atom     mass         x              y              z

  C          12.0000     0.00000       0.00000       0.66957
  C          12.0000     0.00000       0.00000      -0.66957
  H           1.0078     0.00000       0.92641      -1.23508
  H           1.0078     0.00000      -0.92641      -1.23508
  H           1.0078     0.00000      -0.92641       1.23508
  H           1.0078     0.00000       0.92641       1.23508




                   +------------------------------------------+
                   |            ELECTRONIC STATE              |
                   |                  | S1 >                  |
                   +------------------------------------------+


  ----------------------
  Equilibrium geometries
  ----------------------

  ---------
  Molecule:  c2h4
  ---------

  atom     mass         x              y              z

  C          12.0000     0.00000       0.00000      -0.68655
  C          12.0000     0.00000       0.00000       0.68655
  H           1.0078    -0.63411       0.65107       1.28908
  H           1.0078     0.63411      -0.65107       1.28908
  H           1.0078     0.63411       0.65107      -1.28908
  H           1.0078    -0.63411      -0.65107      -1.28908




  --------------------------------------------------------------
  Mass-weighted normal coordinates of electronic state  | S0>
  --------------------------------------------------------------



  ---------
  Molecule:  c2h4
  ---------



  Mode        1           2           3           4           5           6

  Freq.   1057.88     1382.14     1674.89     3192.79     1481.56     3175.16
  
   C  x     0.00000     0.00000     0.00000     0.00000     0.00000     0.00000
      y     0.00000     0.00000     0.00000     0.00000     0.00000     0.00000
      z     0.00000    -0.33759     0.59359     0.16844     0.23002     0.13615
   C  x     0.00000     0.00000     0.00000     0.00000     0.00000     0.00000
      y     0.00000     0.00000     0.00000     0.00000     0.00000     0.00000
      z     0.00000     0.33759    -0.59359    -0.16844     0.23002     0.13615
   H  x     0.50000     0.00000     0.00000     0.00000     0.00000     0.00000
      y     0.00000     0.16009     0.21948    -0.41981    -0.26664     0.42417
      z     0.00000     0.40913     0.16016     0.24408    -0.39044    -0.24661
   H  x    -0.50000     0.00000     0.00000     0.00000     0.00000     0.00000
      y     0.00000    -0.16009    -0.21948     0.41981     0.26664    -0.42417
      z     0.00000     0.40913     0.16016     0.24408    -0.39044    -0.24661
   H  x     0.50000     0.00000     0.00000     0.00000     0.00000     0.00000
      y     0.00000    -0.16009    -0.21948     0.41981    -0.26664     0.42417
      z     0.00000    -0.40913    -0.16016    -0.24408    -0.39044    -0.24661
   H  x    -0.50000     0.00000     0.00000     0.00000     0.00000     0.00000
      y     0.00000     0.16009     0.21948    -0.41981     0.26664    -0.42417
      z     0.00000    -0.40913    -0.16016    -0.24408    -0.39044    -0.24661


  Mode        7           8           9          10          11          12

  Freq.    756.05      829.46     3291.57      956.72     1237.54     3264.90
  
   C  x     0.42315     0.00000     0.00000     0.25715     0.00000     0.00000
      y     0.00000     0.13639     0.23107     0.00000     0.42292     0.23107
      z     0.00000     0.00000     0.00000     0.00000     0.00000     0.00000
   C  x    -0.42315     0.00000     0.00000     0.25715     0.00000     0.00000
      y     0.00000     0.13639     0.23107     0.00000    -0.42292    -0.23107
      z     0.00000     0.00000     0.00000     0.00000     0.00000     0.00000
   H  x     0.40059     0.00000     0.00000    -0.46577     0.00000     0.00000
      y     0.00000    -0.22728    -0.40179     0.00000     0.11439     0.40179
      z     0.00000    -0.43479     0.24873     0.00000     0.38403    -0.24873
   H  x     0.40059     0.00000     0.00000    -0.46577     0.00000     0.00000
      y     0.00000    -0.22728    -0.40179     0.00000     0.11439     0.40179
      z     0.00000     0.43479    -0.24873     0.00000    -0.38403     0.24873
   H  x    -0.40059     0.00000     0.00000    -0.46577     0.00000     0.00000
      y     0.00000    -0.22728    -0.40179     0.00000    -0.11439    -0.40179
      z     0.00000    -0.43479     0.24873     0.00000    -0.38403     0.24873
   H  x    -0.40059     0.00000     0.00000    -0.46577     0.00000     0.00000
      y     0.00000    -0.22728    -0.40179     0.00000    -0.11439    -0.40179
      z     0.00000     0.43479    -0.24873     0.00000     0.38403    -0.24873


  --------------------------------------------------------------
  Mass-weighted normal coordinates of electronic state  | S1>
  --------------------------------------------------------------



  ---------
  Molecule:  c2h4
  ---------



  Mode        1           2           3           4           5           6

  Freq.   1003.52     1384.75     1529.40     3133.33     1356.04     3092.93
  
   C  x    -0.02844     0.00000     0.00000     0.00000     0.00000     0.00000
      y     0.42664     0.00000     0.00000     0.00000     0.00000     0.00000
      z     0.00000     0.22756     0.47587     0.16646     0.50235     0.13714
   C  x    -0.02844     0.00000     0.00000     0.00000     0.00000     0.00000
      y    -0.42664     0.00000     0.00000     0.00000     0.00000     0.00000
      z     0.00000     0.22756    -0.47587    -0.16646    -0.50235     0.13714
   H  x     0.05770    -0.17900     0.18388    -0.28944    -0.07279     0.29808
      y     0.23904     0.18842    -0.17622     0.29908     0.08007    -0.30802
      z    -0.31323    -0.39568     0.26816     0.25084    -0.33484    -0.23847
   H  x     0.05770     0.17900    -0.18388     0.28944     0.07279    -0.29808
      y     0.23904    -0.18842     0.17622    -0.29908    -0.08007     0.30802
      z     0.31323    -0.39568     0.26816     0.25084    -0.33484    -0.23847
   H  x     0.05770    -0.17900    -0.18388     0.28944     0.07279     0.29808
      y    -0.23904    -0.18842    -0.17622     0.29908     0.08007     0.30802
      z    -0.31323    -0.39568    -0.26816    -0.25084     0.33484    -0.23847
   H  x     0.05770     0.17900     0.18388    -0.28944    -0.07279    -0.29808
      y    -0.23904     0.18842     0.17622    -0.29908    -0.08007    -0.30802
      z     0.31323    -0.39568    -0.26816    -0.25084     0.33484    -0.23847


  Mode        7           8           9          10          11          12

  Freq.    732.92     1009.96     3151.54      744.70      945.70     3150.98
  
   C  x    -0.06631     0.42740     0.16409     0.22891     0.00000     0.16404
      y     0.19892    -0.02849     0.16409    -0.03270     0.00000     0.16404
      z     0.00000     0.00000     0.00000     0.00000     0.00000     0.00000
   C  x     0.06631    -0.42740    -0.16409     0.22891     0.00000     0.16404
      y     0.19892    -0.02849     0.16409     0.03270     0.00000    -0.16404
      z     0.00000     0.00000     0.00000     0.00000     0.00000     0.00000
   H  x    -0.17294     0.23947     0.27582    -0.36959     0.35850    -0.26621
      y    -0.37471     0.04954    -0.27582    -0.16111     0.34854     0.28523
      z     0.24020     0.31378    -0.26631    -0.24640     0.00000     0.26621
   H  x    -0.17294     0.23947     0.27582    -0.36959    -0.35850    -0.26621
      y    -0.37471     0.04954    -0.27582    -0.16111    -0.34854     0.28523
      z    -0.24020    -0.31378     0.26631     0.24640     0.00000    -0.26621
   H  x     0.17294    -0.23947    -0.27582    -0.36959    -0.35850    -0.26621
      y    -0.37471     0.04954    -0.27582     0.16111     0.34854    -0.28523
      z    -0.24020    -0.31378     0.26631    -0.24640     0.00000     0.26621
   H  x     0.17294    -0.23947    -0.27582    -0.36959     0.35850    -0.26621
      y    -0.37471     0.04954    -0.27582     0.16111    -0.34854    -0.28523
      z     0.24020     0.31378    -0.26631     0.24640     0.00000    -0.26621

  +---------------------------+
  | Axis Switching Procedure  |
  +---------------------------+



  ---------------------
  Axis-switching matrix  3
  ---------------------


  Mode       1           2           3


    1     0.00000    -1.00000     0.00000
    2    -1.00000     0.00000     0.00000
    3     0.00000     0.00000    -1.00000

  Matrix determinant: -1.0000

  Zero order Eckart Conditions after rotation:  0.00000E+00

  ----------------------
  Equilibrium geometries
  ----------------------

  ---------
  Molecule:  c2h4
  ---------

  atom     mass         x              y              z

  C          12.0000     0.00000       0.00000       0.66957
  C          12.0000     0.00000       0.00000      -0.66957
  H           1.0078     0.00000       0.92641      -1.23508
  H           1.0078     0.00000      -0.92641      -1.23508
  H           1.0078     0.00000      -0.92641       1.23508
  H           1.0078     0.00000       0.92641       1.23508



  ----------------------
  Equilibrium geometries
  ----------------------

  ---------
  Molecule:  c2h4
  ---------

  atom     mass         x              y              z

  C          12.0000     0.00000       0.00000       0.68655
  C          12.0000     0.00000       0.00000      -0.68655
  H           1.0078    -0.65107       0.63411      -1.28908
  H           1.0078     0.65107      -0.63411      -1.28908
  H           1.0078    -0.65107      -0.63411       1.28908
  H           1.0078     0.65107       0.63411       1.28908




  --------------------------------------------------------------
  Mass-weighted normal coordinates of electronic state  | S0>
  --------------------------------------------------------------



  ---------
  Molecule:  c2h4
  ---------



  Mode        1           2           3           4           5           6

  Freq.   1057.88     1382.14     1674.89     3192.79     1481.56     3175.16
  
   C  x     0.00000     0.00000     0.00000     0.00000     0.00000     0.00000
      y     0.00000     0.00000     0.00000     0.00000     0.00000     0.00000
      z     0.00000    -0.33759     0.59359     0.16844     0.23002     0.13615
   C  x     0.00000     0.00000     0.00000     0.00000     0.00000     0.00000
      y     0.00000     0.00000     0.00000     0.00000     0.00000     0.00000
      z     0.00000     0.33759    -0.59359    -0.16844     0.23002     0.13615
   H  x     0.50000     0.00000     0.00000     0.00000     0.00000     0.00000
      y     0.00000     0.16009     0.21948    -0.41981    -0.26664     0.42417
      z     0.00000     0.40913     0.16016     0.24408    -0.39044    -0.24661
   H  x    -0.50000     0.00000     0.00000     0.00000     0.00000     0.00000
      y     0.00000    -0.16009    -0.21948     0.41981     0.26664    -0.42417
      z     0.00000     0.40913     0.16016     0.24408    -0.39044    -0.24661
   H  x     0.50000     0.00000     0.00000     0.00000     0.00000     0.00000
      y     0.00000    -0.16009    -0.21948     0.41981    -0.26664     0.42417
      z     0.00000    -0.40913    -0.16016    -0.24408    -0.39044    -0.24661
   H  x    -0.50000     0.00000     0.00000     0.00000     0.00000     0.00000
      y     0.00000     0.16009     0.21948    -0.41981     0.26664    -0.42417
      z     0.00000    -0.40913    -0.16016    -0.24408    -0.39044    -0.24661


  Mode        7           8           9          10          11          12

  Freq.    756.05      829.46     3291.57      956.72     1237.54     3264.90
  
   C  x     0.42315     0.00000     0.00000     0.25715     0.00000     0.00000
      y     0.00000     0.13639     0.23107     0.00000     0.42292     0.23107
      z     0.00000     0.00000     0.00000     0.00000     0.00000     0.00000
   C  x    -0.42315     0.00000     0.00000     0.25715     0.00000     0.00000
      y     0.00000     0.13639     0.23107     0.00000    -0.42292    -0.23107
      z     0.00000     0.00000     0.00000     0.00000     0.00000     0.00000
   H  x     0.40059     0.00000     0.00000    -0.46577     0.00000     0.00000
      y     0.00000    -0.22728    -0.40179     0.00000     0.11439     0.40179
      z     0.00000    -0.43479     0.24873     0.00000     0.38403    -0.24873
   H  x     0.40059     0.00000     0.00000    -0.46577     0.00000     0.00000
      y     0.00000    -0.22728    -0.40179     0.00000     0.11439     0.40179
      z     0.00000     0.43479    -0.24873     0.00000    -0.38403     0.24873
   H  x    -0.40059     0.00000     0.00000    -0.46577     0.00000     0.00000
      y     0.00000    -0.22728    -0.40179     0.00000    -0.11439    -0.40179
      z     0.00000    -0.43479     0.24873     0.00000    -0.38403     0.24873
   H  x    -0.40059     0.00000     0.00000    -0.46577     0.00000     0.00000
      y     0.00000    -0.22728    -0.40179     0.00000    -0.11439    -0.40179
      z     0.00000     0.43479    -0.24873     0.00000     0.38403    -0.24873


  --------------------------------------------------------------
  Mass-weighted normal coordinates of electronic state  | S1>
  --------------------------------------------------------------



  ---------
  Molecule:  c2h4
  ---------



  Mode        1           2           3           4           5           6

  Freq.   1003.52     1384.75     1529.40     3133.33     1356.04     3092.93
  
   C  x    -0.42664     0.00000     0.00000     0.00000     0.00000     0.00000
      y     0.02844     0.00000     0.00000     0.00000     0.00000     0.00000
      z     0.00000    -0.22756    -0.47587    -0.16646    -0.50235    -0.13714
   C  x     0.42664     0.00000     0.00000     0.00000     0.00000     0.00000
      y     0.02844     0.00000     0.00000     0.00000     0.00000     0.00000
      z     0.00000    -0.22756     0.47587     0.16646     0.50235    -0.13714
   H  x    -0.23904    -0.18842     0.17622    -0.29908    -0.08007     0.30802
      y    -0.05770     0.17900    -0.18388     0.28944     0.07279    -0.29808
      z     0.31323     0.39568    -0.26816    -0.25084     0.33484     0.23847
   H  x    -0.23904     0.18842    -0.17622     0.29908     0.08007    -0.30802
      y    -0.05770    -0.17900     0.18388    -0.28944    -0.07279     0.29808
      z    -0.31323     0.39568    -0.26816    -0.25084     0.33484     0.23847
   H  x     0.23904     0.18842     0.17622    -0.29908    -0.08007    -0.30802
      y    -0.05770     0.17900     0.18388    -0.28944    -0.07279    -0.29808
      z     0.31323     0.39568     0.26816     0.25084    -0.33484     0.23847
   H  x     0.23904    -0.18842    -0.17622     0.29908     0.08007     0.30802
      y    -0.05770    -0.17900    -0.18388     0.28944     0.07279     0.29808
      z    -0.31323     0.39568     0.26816     0.25084    -0.33484     0.23847


  Mode        7           8           9          10          11          12

  Freq.    732.92     1009.96     3151.54      744.70      945.70     3150.98
  
   C  x    -0.19892     0.02849    -0.16409     0.03270     0.00000    -0.16404
      y     0.06631    -0.42740    -0.16409    -0.22891     0.00000    -0.16404
      z     0.00000     0.00000     0.00000     0.00000     0.00000     0.00000
   C  x    -0.19892     0.02849    -0.16409    -0.03270     0.00000     0.16404
      y    -0.06631     0.42740     0.16409    -0.22891     0.00000    -0.16404
      z     0.00000     0.00000     0.00000     0.00000     0.00000     0.00000
   H  x     0.37471    -0.04954     0.27582     0.16111    -0.34854    -0.28523
      y     0.17294    -0.23947    -0.27582     0.36959    -0.35850     0.26621
      z    -0.24020    -0.31378     0.26631     0.24640     0.00000    -0.26621
   H  x     0.37471    -0.04954     0.27582     0.16111     0.34854    -0.28523
      y     0.17294    -0.23947    -0.27582     0.36959     0.35850     0.26621
      z     0.24020     0.31378    -0.26631    -0.24640     0.00000     0.26621
   H  x     0.37471    -0.04954     0.27582    -0.16111    -0.34854     0.28523
      y    -0.17294     0.23947     0.27582     0.36959     0.35850     0.26621
      z     0.24020     0.31378    -0.26631     0.24640     0.00000    -0.26621
   H  x     0.37471    -0.04954     0.27582    -0.16111     0.34854     0.28523
      y    -0.17294     0.23947     0.27582     0.36959    -0.35850     0.26621
      z    -0.24020    -0.31378     0.26631    -0.24640     0.00000     0.26621


  Normal modes in internal coordinates for state |1>

                   1           2           3           4           5           6
 
    1        0.00000    -0.19491     0.34271     0.09725     0.00000     0.00000
    2        0.00000    -0.02545     0.01420    -0.50894    -0.01053    -0.50910
    3        0.00000    -0.02545     0.01420    -0.50894    -0.01053    -0.50910
    4        0.00000    -0.02545     0.01420    -0.50894     0.01053     0.50910
    5        0.00000    -0.02545     0.01420    -0.50894     0.01053     0.50910
    6        0.00000    -0.32040    -0.36517    -0.02869    -0.48557    -0.02126
    7        0.00000    -0.32040    -0.36517    -0.02869    -0.48557    -0.02126
    8        0.00000     0.64080     0.73033     0.05738     0.97114     0.04252
    9        0.00000    -0.32040    -0.36517    -0.02869     0.48557     0.02126
   10        0.00000    -0.32040    -0.36517    -0.02869     0.48557     0.02126
   11        0.00000     0.64080     0.73033     0.05738    -0.97114    -0.04252
   12        1.07523     0.00000     0.00000     0.00000     0.00000     0.00000
   13        1.07523     0.00000     0.00000     0.00000     0.00000     0.00000
   14        1.07523     0.00000     0.00000     0.00000     0.00000     0.00000
   15        1.07523     0.00000     0.00000     0.00000     0.00000     0.00000

                   7           8           9          10          11          12
 
    1        0.00000     0.00000     0.00000     0.00000     0.00000     0.00000
    2        0.00000     0.00119     0.52764     0.00000     0.00215     0.52764
    3        0.00000    -0.00119    -0.52764     0.00000    -0.00215    -0.52764
    4        0.00000    -0.00119    -0.52764     0.00000     0.00215     0.52764
    5        0.00000     0.00119     0.52764     0.00000    -0.00215    -0.52764
    6        0.00000    -0.46817    -0.02931     0.00000    -0.59647    -0.12893
    7        0.00000     0.46817     0.02931     0.00000     0.59647     0.12893
    8        0.00000     0.00000     0.00000     0.00000     0.00000     0.00000
    9        0.00000     0.46817     0.02931     0.00000    -0.59647    -0.12893
   10        0.00000    -0.46817    -0.02931     0.00000     0.59647     0.12893
   11        0.00000     0.00000     0.00000     0.00000     0.00000     0.00000
   12        0.00000     0.00000     0.00000    -1.16187     0.00000     0.00000
   13       -1.34789     0.00000     0.00000     0.00000     0.00000     0.00000
   14        1.34789     0.00000     0.00000     0.00000     0.00000     0.00000
   15        0.00000     0.00000     0.00000     1.16187     0.00000     0.00000


  Normal modes in internal coordinates for state |2>

                   1           2           3           4           5           6
 
    1        0.00000     0.00000    -0.27475    -0.09610    -0.29003     0.00000
    2       -0.00511     0.03833     0.01218     0.51016    -0.01438     0.50900
    3        0.00511     0.03833     0.01218     0.51016    -0.01438     0.50900
    4        0.00511    -0.03833     0.01218     0.51016    -0.01438    -0.50900
    5       -0.00511    -0.03833     0.01218     0.51016    -0.01438    -0.50900
    6        0.47492     0.48265     0.43765     0.01763    -0.19868    -0.00454
    7       -0.47492     0.48265     0.43765     0.01763    -0.19868    -0.00454
    8        0.00000    -0.96530    -0.87530    -0.03527     0.39737     0.00907
    9       -0.47492    -0.48265     0.43765     0.01763    -0.19868     0.00454
   10        0.47492    -0.48265     0.43765     0.01763    -0.19868     0.00454
   11        0.00000     0.96530    -0.87530    -0.03527     0.39737    -0.00907
   12        0.00000     0.00000    -0.01924    -0.00292    -0.00815     0.00000
   13        0.82421     0.00000    -0.01924    -0.00292    -0.00815     0.00000
   14       -0.82421     0.00000    -0.01924    -0.00292    -0.00815     0.00000
   15        0.00000     0.00000    -0.01924    -0.00292    -0.00815     0.00000

                   7           8           9          10          11          12
 
    1        0.00000     0.00000     0.00000     0.00000     0.00000     0.00000
    2       -0.01363    -0.00338    -0.52623    -0.01545    -0.00037    -0.52618
    3        0.01363     0.00338     0.52623     0.01545    -0.00037     0.52618
    4       -0.01363    -0.00338    -0.52623     0.01545    -0.00037     0.52618
    5        0.01363     0.00338     0.52623    -0.01545    -0.00037    -0.52618
    6        0.25210     0.47135     0.07620     0.26960     0.00022     0.07755
    7       -0.25210    -0.47135    -0.07620    -0.26960     0.00022    -0.07755
    8        0.00000     0.00000     0.00000     0.00000    -0.00045     0.00000
    9        0.25210     0.47135     0.07620    -0.26960     0.00022    -0.07755
   10       -0.25210    -0.47135    -0.07620     0.26960     0.00022     0.07755
   11        0.00000     0.00000     0.00000     0.00000    -0.00045     0.00000
   12        0.98950    -0.82965    -0.07877     0.00000    -1.09602     0.00000
   13        0.00000     0.00000     0.00000    -0.95817    -1.09602     0.08005
   14        0.00000     0.00000     0.00000     0.95817    -1.09602    -0.08005
   15       -0.98950     0.82965     0.07877     0.00000    -1.09602     0.00000



    +----------------------------------------------------+
    |  Transformation matrix J from the normal modes of  |
    |  state 2 (Q2) to those of the state 1 (Q1)         |
    |                                                    |
    |        Q1 = J * Q2 + K       (J = L1^(tr)L2)       |
    +----------------------------------------------------+


                   1           2           3           4           5           6
 
    1        0.00000     0.00000    -0.01789    -0.00271    -0.00758     0.00000
    2        0.00000     0.00000    -0.27957     0.01821     0.95749     0.00000
    3        0.00000     0.00000    -0.95033     0.01453    -0.29384     0.00000
    4        0.00000     0.00000    -0.03648    -1.00290    -0.02782     0.00000
    5        0.00000    -0.99159     0.00000     0.00000     0.00000     0.05316
    6        0.00000    -0.05478     0.00000     0.00000     0.00000    -1.00089
    7       -0.61148     0.00000     0.00000     0.00000     0.00000     0.00000
    8       -1.01396     0.00000     0.00000     0.00000     0.00000     0.00000
    9       -0.00740     0.00000     0.00000     0.00000     0.00000     0.00000
   10        0.00000     0.00000     0.00000     0.00000     0.00000     0.00000
   11        0.00000     0.00000     0.00000     0.00000     0.00000     0.00000
   12        0.00000     0.00000     0.00000     0.00000     0.00000     0.00000

                   7           8           9          10          11          12
 
    1        0.00000     0.00000     0.00000     0.00000    -1.01933     0.00000
    2        0.00000     0.00000     0.00000     0.00000    -0.00032     0.00000
    3        0.00000     0.00000     0.00000     0.00000    -0.00039     0.00000
    4        0.00000     0.00000     0.00000     0.00000     0.00073     0.00000
    5        0.00000     0.00000     0.00000     0.00000     0.00000     0.00000
    6        0.00000     0.00000     0.00000     0.00000     0.00000     0.00000
    7        0.00000     0.00000     0.00000     0.71086     0.00000    -0.05939
    8        0.00000     0.00000     0.00000    -0.57410     0.00000    -0.10322
    9        0.00000     0.00000     0.00000    -0.02798     0.00000    -0.99702
   10       -0.85164     0.71406     0.06779     0.00000     0.00000     0.00000
   11       -0.41743    -0.78954     0.08791     0.00000     0.00000     0.00000
   12       -0.02413    -0.00318    -0.99769     0.00000     0.00000     0.00000


  -------------------
  Metric determinant: -1.047211
  -------------------



  Normal modes in internal coordinates for state |1>

                   1           2           3           4           5           6
 
    1        0.00000    -0.19491     0.34271     0.09725     0.00000     0.00000
    2        0.00000    -0.02545     0.01420    -0.50894    -0.01053    -0.50910
    3        0.00000    -0.02545     0.01420    -0.50894    -0.01053    -0.50910
    4        0.00000    -0.02545     0.01420    -0.50894     0.01053     0.50910
    5        0.00000    -0.02545     0.01420    -0.50894     0.01053     0.50910
    6        0.00000    -0.32040    -0.36517    -0.02869    -0.48557    -0.02126
    7        0.00000    -0.32040    -0.36517    -0.02869    -0.48557    -0.02126
    8        0.00000     0.64080     0.73033     0.05738     0.97114     0.04252
    9        0.00000    -0.32040    -0.36517    -0.02869     0.48557     0.02126
   10        0.00000    -0.32040    -0.36517    -0.02869     0.48557     0.02126
   11        0.00000     0.64080     0.73033     0.05738    -0.97114    -0.04252
   12        1.07523     0.00000     0.00000     0.00000     0.00000     0.00000
   13        1.07523     0.00000     0.00000     0.00000     0.00000     0.00000
   14        1.07523     0.00000     0.00000     0.00000     0.00000     0.00000
   15        1.07523     0.00000     0.00000     0.00000     0.00000     0.00000

                   7           8           9          10          11          12
 
    1        0.00000     0.00000     0.00000     0.00000     0.00000     0.00000
    2        0.00000     0.00119     0.52764     0.00000     0.00215     0.52764
    3        0.00000    -0.00119    -0.52764     0.00000    -0.00215    -0.52764
    4        0.00000    -0.00119    -0.52764     0.00000     0.00215     0.52764
    5        0.00000     0.00119     0.52764     0.00000    -0.00215    -0.52764
    6        0.00000    -0.46817    -0.02931     0.00000    -0.59647    -0.12893
    7        0.00000     0.46817     0.02931     0.00000     0.59647     0.12893
    8        0.00000     0.00000     0.00000     0.00000     0.00000     0.00000
    9        0.00000     0.46817     0.02931     0.00000    -0.59647    -0.12893
   10        0.00000    -0.46817    -0.02931     0.00000     0.59647     0.12893
   11        0.00000     0.00000     0.00000     0.00000     0.00000     0.00000
   12        0.00000     0.00000     0.00000    -1.16187     0.00000     0.00000
   13       -1.34789     0.00000     0.00000     0.00000     0.00000     0.00000
   14        1.34789     0.00000     0.00000     0.00000     0.00000     0.00000
   15        0.00000     0.00000     0.00000     1.16187     0.00000     0.00000


  +--------------------------------------------------------------+
  |  Frequencies of the vibrations of the two electronic states  |
  |  their difference and normal coordinates shift K:            |
  |                                                              |
  |    Q1 = L1(tr)*(x-x01); Q2=L2(tr)*(x-x02)                    |
  |    Q1 = J Q2 + K;  J = L1(tr)*L2; K = L1(tr)*(x02-x01)       |
  +--------------------------------------------------------------+


  ---------
  Molecule: c2h4                
  ---------



  Mode    freq. |1>    freq. |2>   K (adim)   J(tr)*K (adim)   K (Ang*amu^1/2)   J(tr)*K (Ang*amu^1/2)

    1     1057.88       1003.52        -8.321        0.000       -1.485        0.000
    2     1382.14       1384.75        -0.894        0.000       -0.140        0.000
    3     1674.89       1529.40         0.143       -0.143        0.020       -0.021
    4     3192.79       3133.33        -0.023       -0.063       -0.002       -0.007
    5     1481.56       1356.04         0.000        0.883        0.000        0.139
    6     3175.16       3092.93         0.000        0.000        0.000        0.000
    7      756.05        732.92         0.000        0.000        0.000        0.000
    8      829.46       1009.96         0.000        0.000        0.000        0.000
    9     3291.57       3151.54         0.000        0.000        0.000        0.000
   10      956.72        744.70         0.000        0.000        0.000        0.000
   11     1237.54        945.70         0.000       -7.721        0.000       -1.458
   12     3264.90       3150.98         0.000        0.000        0.000        0.000


  +----------------------+
  | Internal coordinates |
  +----------------------+

    1  s    1  2              1.339        1.373        0.034
    2  s    1  5              1.085        1.090        0.005
    3  s    1  6              1.085        1.090        0.005
    4  s    2  3              1.085        1.090        0.005
    5  s    2  4              1.085        1.090        0.005
    6  b    2  1  5         121.401      123.543        2.142
    7  b    2  1  6         121.401      123.543        2.142
    8  b    5  1  6         117.198      112.914       -4.283
    9  b    1  2  3         121.401      123.543        2.142
   10  b    1  2  4         121.401      123.543        2.142
   11  b    3  2  4         117.198      112.914       -4.283
   12  d    5  1  2  3      180.000       88.488      -91.512
   13  d    5  1  2  4        0.000      268.488      -91.512
   14  d    6  1  2  3        0.000      268.488      -91.512
   15  d    6  1  2  4      180.000       88.488      -91.512


  -------------------
  Reduced Frequencies
  -------------------

  ---------
  Molecule: c2h4                
  ---------

    1      31.377       29.765
    2      40.995       41.072
    3      49.678       45.363
    4      94.699       92.935
    5      43.944       40.221
    6      94.176       91.737
    7      22.425       21.739
    8      24.602       29.956
    9      97.629       93.476
   10      28.377       22.088
   11      36.706       28.050
   12      96.838       93.459


  +-----------------------------------------------------------------------+
  | Franck-Condon Integrals Calculation  for states <  |  >
  +-----------------------------------------------------------------------+


  +---------------+
  | Group  1      |
  +---------------+

  ==> Excited state: S1

    --> Excited Molecule:  c2h4                

    Vibration ID    Frequency    Quanta (States=Quanta+1)

      4             3133.33     50
      7              732.92     50


  Num. Franck-Condon Integrals :       2601


  +-------------------------+
  | Franck-Condon integrals |
  +-------------------------+



  Franck-Condon factors sum:      0.000000


  Franck-Condon factors sum - |<0|0>|^2:      0.000000

  Simulated Spectrum written in file fc.dat
  Emin:       0.00
  Emax:    2000.00
  DE:       0.50
  NPT:    4001
  FWHM:     -1.000
  Temp:    298.150


  Freeing memory allocated for FC Integrals.


                      ===============================================
                      Job finished on:  28      June 2013 at 11: 6:38
                      ===============================================


