                   +--------------------------------------------------+
                   |          Molecular Franck-Condon Factors         |
                   |               Calculation  Package               |
                   |             Version 3.0       Jan 2015           |
                   |                                                  |
                   |              Theoretical Chemistry               |
                   |               University of Torino               |
                   |                                                  |
                   |                                                  |
                   |            Implemented and mantained by          |
                   |                Raffaele Borrelli                 |
                   |            raffaele.borrelli@unito.it            |
                   +--------------------------------------------------+



                      ==============================================
                      Job started on:  26  November 2015 at 17:17:18
                      ==============================================




  =========================================
  Process ID:   33519
  Running on host: silversurfer.lan                                  
  =========================================

  reading Structure for state |S1>, molecule <c2h4>   from file ./c2h4_s1_D2.out 
  reading Vibrations for state |S1>, molecule <c2h4>   from file ./c2h4_s1_D2.out 
  Scaling frequencies of state   1 by a factor   1.0000
  reading Structure for state |S0>, molecule <c2h4>   from file ./c2h4_s0_D2.out 
  reading Vibrations for state |S0>, molecule <c2h4>   from file ./c2h4_s0_D2.out 
  Scaling frequencies of state   2 by a factor   1.0000



   -------------------------
   Atom Connectivity Matrix:  c2h4                
   -------------------------


             1     2     3     4     5     6
    1        3
    2        1     3
    3        0     1     1
    4        0     1     0     1
    5        1     0     0     0     1
    6        1     0     0     0     0     1



   -------------------------
   Atom Connectivity Matrix:  c2h4                
   -------------------------


             1     2     3     4     5     6
    1        3
    2        1     3
    3        0     1     1
    4        0     1     0     1
    5        1     0     0     0     1
    6        1     0     0     0     0     1

  +-------------------+
  | System Parameters |
  +-------------------+

  Number of Electronic States :   2

  Number of Molecules in each state :   1

  Total Number of Vibrational Modes :  12



                   +------------------------------------------+
                   |            ELECTRONIC STATE              |
                   |                  | S1 >                  |
                   +------------------------------------------+


  ----------------------
  Equilibrium geometries
  ----------------------

  ---------
  Molecule:  c2h4
  ---------

  atom     mass         x              y              z

  C          12.0000     0.00000       0.00000      -0.68655
  C          12.0000     0.00000       0.00000       0.68655
  H           1.0078    -0.63411       0.65107       1.28908
  H           1.0078     0.63411      -0.65107       1.28908
  H           1.0078     0.63411       0.65107      -1.28908
  H           1.0078    -0.63411      -0.65107      -1.28908




                   +------------------------------------------+
                   |            ELECTRONIC STATE              |
                   |                  | S0 >                  |
                   +------------------------------------------+


  ----------------------
  Equilibrium geometries
  ----------------------

  ---------
  Molecule:  c2h4
  ---------

  atom     mass         x              y              z

  C          12.0000     0.00000       0.00000       0.66957
  C          12.0000     0.00000       0.00000      -0.66957
  H           1.0078     0.00000       0.92641      -1.23508
  H           1.0078     0.00000      -0.92641      -1.23508
  H           1.0078     0.00000      -0.92641       1.23508
  H           1.0078     0.00000       0.92641       1.23508




  --------------------------------------------------------------
  Mass-weighted normal coordinates of electronic state  | S1>
  --------------------------------------------------------------



  ---------
  Molecule:  c2h4
  ---------



  Mode        1           2           3           4           5           6

  Freq.    732.92      744.70      945.70     1003.52     1009.96     1356.04
  
   C  x    -0.05937     0.21559     0.00000    -0.03506     0.42822     0.00000
      y     0.21386    -0.04621     0.00000     0.43027    -0.02910     0.00000
      z     0.00000     0.00000    -0.01221     0.00000     0.00000     0.50565
   C  x     0.05937     0.21559     0.00000    -0.03506    -0.42822     0.00000
      y     0.21386     0.04621     0.00000    -0.43027    -0.02907     0.00000
      z     0.00000     0.00000     0.01221     0.00000     0.00000    -0.50565
   H  x    -0.17398    -0.37197     0.35592     0.06048     0.23950    -0.07233
      y    -0.36900    -0.16595     0.35105     0.23873     0.05017     0.07997
      z     0.24277    -0.24452    -0.00228    -0.31011     0.31307    -0.33246
   H  x    -0.17398    -0.37197    -0.35592     0.06048     0.23950     0.07233
      y    -0.36900    -0.16595    -0.35105     0.23873     0.05017    -0.07997
      z    -0.24277     0.24452    -0.00228     0.31011    -0.31307    -0.33246
   H  x     0.17398    -0.37197    -0.35592     0.06048    -0.23950     0.07233
      y    -0.36900     0.16595     0.35105    -0.23872     0.05018     0.07997
      z    -0.24277    -0.24452     0.00228    -0.31012    -0.31306     0.33247
   H  x     0.17398    -0.37197     0.35592     0.06048    -0.23950    -0.07233
      y    -0.36900     0.16595    -0.35105    -0.23873     0.05018    -0.07997
      z     0.24277     0.24452     0.00228     0.31012     0.31306     0.33247


  Mode        7           8           9          10          11          12

  Freq.   1384.75     1529.40     3092.93     3133.33     3150.98     3151.54
  
   C  x     0.00000     0.00000     0.00000     0.00000     0.15554     0.15808
      y     0.00000     0.00000     0.00000     0.00000     0.16100     0.15913
      z     0.22920     0.46827     0.13921     0.15773     0.00000     0.00000
   C  x     0.00000     0.00000     0.00000     0.00000     0.15554    -0.15808
      y     0.00000     0.00000     0.00000     0.00000    -0.16100     0.15913
      z     0.22920    -0.46827     0.13921    -0.15773     0.00000     0.00000
   H  x    -0.18110     0.18493     0.29817    -0.28963    -0.26838     0.27761
      y     0.18594    -0.17758    -0.30614     0.29805     0.28381    -0.27453
      z    -0.39543     0.27318    -0.24017     0.25464     0.26902    -0.26908
   H  x     0.18110    -0.18493    -0.29817     0.28963    -0.26838     0.27761
      y    -0.18594     0.17758     0.30614    -0.29805     0.28381    -0.27453
      z    -0.39543     0.27318    -0.24017     0.25464    -0.26903     0.26908
   H  x    -0.18110    -0.18493     0.29817     0.28963    -0.26837    -0.27761
      y    -0.18594    -0.17758     0.30614     0.29805    -0.28380    -0.27454
      z    -0.39543    -0.27318    -0.24017    -0.25464     0.26902     0.26909
   H  x     0.18110     0.18493    -0.29817    -0.28963    -0.26837    -0.27761
      y     0.18594     0.17758    -0.30614    -0.29805    -0.28380    -0.27454
      z    -0.39543    -0.27318    -0.24018    -0.25464    -0.26902    -0.26909


  --------------------------------------------------------------
  Mass-weighted normal coordinates of electronic state  | S0>
  --------------------------------------------------------------



  ---------
  Molecule:  c2h4
  ---------



  Mode        1           2           3           4           5           6

  Freq.    756.05      829.46      956.72     1057.88     1237.54     1382.14
  
   C  x     0.42642     0.00000     0.26816     0.00000     0.00000     0.00000
      y     0.00000     0.13361     0.00000     0.00000     0.42802     0.00000
      z     0.00000     0.00000     0.00000     0.00000     0.00000    -0.34269
   C  x    -0.42642     0.00000     0.26816     0.00000     0.00000     0.00000
      y     0.00000     0.13361     0.00000     0.00000    -0.42802     0.00000
      z     0.00000     0.00000     0.00000     0.00000     0.00000     0.34269
   H  x     0.39885     0.00000    -0.46265     0.50000     0.00000     0.00000
      y     0.00000    -0.23054     0.00000     0.00000     0.11441     0.16356
      z     0.00000    -0.43351     0.00000     0.00000     0.38120     0.40563
   H  x     0.39885     0.00000    -0.46265    -0.50000     0.00000     0.00000
      y     0.00000    -0.23054     0.00000     0.00000     0.11441    -0.16356
      z     0.00000     0.43351     0.00000     0.00000    -0.38120     0.40563
   H  x    -0.39885     0.00000    -0.46265     0.50000     0.00000     0.00000
      y     0.00000    -0.23054     0.00000     0.00000    -0.11441    -0.16356
      z     0.00000    -0.43351     0.00000     0.00000    -0.38120    -0.40563
   H  x    -0.39885     0.00000    -0.46265    -0.50000     0.00000     0.00000
      y     0.00000    -0.23054     0.00000     0.00000    -0.11441     0.16356
      z     0.00000     0.43351     0.00000     0.00000     0.38120    -0.40563


  Mode        7           8           9          10          11          12

  Freq.   1481.56     1674.89     3175.16     3192.79     3264.90     3291.57
  
   C  x     0.00000     0.00000     0.00000     0.00000     0.00000     0.00000
      y     0.00000     0.00000     0.00000     0.00000     0.22953     0.23248
      z     0.22703     0.59083     0.14271     0.18294     0.00000     0.00000
   C  x     0.00000     0.00000     0.00000     0.00000     0.00000     0.00000
      y     0.00000     0.00000     0.00000     0.00000    -0.22953     0.23248
      z     0.22703    -0.59083     0.14271    -0.18294     0.00000     0.00000
   H  x     0.00000     0.00000     0.00000     0.00000     0.00000     0.00000
      y    -0.26607     0.22374     0.42333    -0.41617     0.40179    -0.40112
      z    -0.39171     0.15937    -0.24620     0.24509    -0.24944     0.24915
   H  x     0.00000     0.00000     0.00000     0.00000     0.00000     0.00000
      y     0.26607    -0.22374    -0.42333     0.41617     0.40179    -0.40112
      z    -0.39171     0.15937    -0.24620     0.24509     0.24944    -0.24915
   H  x     0.00000     0.00000     0.00000     0.00000     0.00000     0.00000
      y    -0.26607    -0.22374     0.42333     0.41617    -0.40179    -0.40112
      z    -0.39171    -0.15937    -0.24620    -0.24509     0.24944     0.24915
   H  x     0.00000     0.00000     0.00000     0.00000     0.00000     0.00000
      y     0.26607     0.22374    -0.42333    -0.41617    -0.40179    -0.40112
      z    -0.39171    -0.15937    -0.24620    -0.24509    -0.24944    -0.24915

  +---------------------------+
  | Axis Switching Procedure  |
  +---------------------------+



  ---------------------
  Axis-switching matrix  3
  ---------------------


  Mode       1           2           3


    1     0.00000    -1.00000     0.00000
    2    -1.00000     0.00000     0.00000
    3     0.00000     0.00000    -1.00000

  Matrix determinant: -1.0000

  Zero order Eckart Conditions after rotation:  0.00000E+00

  ----------------------
  Equilibrium geometries
  ----------------------

  ---------
  Molecule:  c2h4
  ---------

  atom     mass         x              y              z

  C          12.0000     0.00000       0.00000      -0.68655
  C          12.0000     0.00000       0.00000       0.68655
  H           1.0078    -0.63411       0.65107       1.28908
  H           1.0078     0.63411      -0.65107       1.28908
  H           1.0078     0.63411       0.65107      -1.28908
  H           1.0078    -0.63411      -0.65107      -1.28908



  ----------------------
  Equilibrium geometries
  ----------------------

  ---------
  Molecule:  c2h4
  ---------

  atom     mass         x              y              z

  C          12.0000     0.00000       0.00000      -0.66957
  C          12.0000     0.00000       0.00000       0.66957
  H           1.0078    -0.92641       0.00000       1.23508
  H           1.0078     0.92641      -0.00000       1.23508
  H           1.0078     0.92641      -0.00000      -1.23508
  H           1.0078    -0.92641       0.00000      -1.23508




  --------------------------------------------------------------
  Mass-weighted normal coordinates of electronic state  | S1>
  --------------------------------------------------------------



  ---------
  Molecule:  c2h4
  ---------



  Mode        1           2           3           4           5           6

  Freq.    732.92      744.70      945.70     1003.52     1009.96     1356.04
  
   C  x    -0.05937     0.21559     0.00000    -0.03506     0.42822     0.00000
      y     0.21386    -0.04621     0.00000     0.43027    -0.02910     0.00000
      z     0.00000     0.00000    -0.01221     0.00000     0.00000     0.50565
   C  x     0.05937     0.21559     0.00000    -0.03506    -0.42822     0.00000
      y     0.21386     0.04621     0.00000    -0.43027    -0.02907     0.00000
      z     0.00000     0.00000     0.01221     0.00000     0.00000    -0.50565
   H  x    -0.17398    -0.37197     0.35592     0.06048     0.23950    -0.07233
      y    -0.36900    -0.16595     0.35105     0.23873     0.05017     0.07997
      z     0.24277    -0.24452    -0.00228    -0.31011     0.31307    -0.33246
   H  x    -0.17398    -0.37197    -0.35592     0.06048     0.23950     0.07233
      y    -0.36900    -0.16595    -0.35105     0.23873     0.05017    -0.07997
      z    -0.24277     0.24452    -0.00228     0.31011    -0.31307    -0.33246
   H  x     0.17398    -0.37197    -0.35592     0.06048    -0.23950     0.07233
      y    -0.36900     0.16595     0.35105    -0.23872     0.05018     0.07997
      z    -0.24277    -0.24452     0.00228    -0.31012    -0.31306     0.33247
   H  x     0.17398    -0.37197     0.35592     0.06048    -0.23950    -0.07233
      y    -0.36900     0.16595    -0.35105    -0.23873     0.05018    -0.07997
      z     0.24277     0.24452     0.00228     0.31012     0.31306     0.33247


  Mode        7           8           9          10          11          12

  Freq.   1384.75     1529.40     3092.93     3133.33     3150.98     3151.54
  
   C  x     0.00000     0.00000     0.00000     0.00000     0.15554     0.15808
      y     0.00000     0.00000     0.00000     0.00000     0.16100     0.15913
      z     0.22920     0.46827     0.13921     0.15773     0.00000     0.00000
   C  x     0.00000     0.00000     0.00000     0.00000     0.15554    -0.15808
      y     0.00000     0.00000     0.00000     0.00000    -0.16100     0.15913
      z     0.22920    -0.46827     0.13921    -0.15773     0.00000     0.00000
   H  x    -0.18110     0.18493     0.29817    -0.28963    -0.26838     0.27761
      y     0.18594    -0.17758    -0.30614     0.29805     0.28381    -0.27453
      z    -0.39543     0.27318    -0.24017     0.25464     0.26902    -0.26908
   H  x     0.18110    -0.18493    -0.29817     0.28963    -0.26838     0.27761
      y    -0.18594     0.17758     0.30614    -0.29805     0.28381    -0.27453
      z    -0.39543     0.27318    -0.24017     0.25464    -0.26903     0.26908
   H  x    -0.18110    -0.18493     0.29817     0.28963    -0.26837    -0.27761
      y    -0.18594    -0.17758     0.30614     0.29805    -0.28380    -0.27454
      z    -0.39543    -0.27318    -0.24017    -0.25464     0.26902     0.26909
   H  x     0.18110     0.18493    -0.29817    -0.28963    -0.26837    -0.27761
      y     0.18594     0.17758    -0.30614    -0.29805    -0.28380    -0.27454
      z    -0.39543    -0.27318    -0.24018    -0.25464    -0.26902    -0.26909


  --------------------------------------------------------------
  Mass-weighted normal coordinates of electronic state  | S0>
  --------------------------------------------------------------



  ---------
  Molecule:  c2h4
  ---------



  Mode        1           2           3           4           5           6

  Freq.    756.05      829.46      956.72     1057.88     1237.54     1382.14
  
   C  x     0.00000    -0.13361     0.00000     0.00000    -0.42802     0.00000
      y    -0.42642     0.00000    -0.26816     0.00000     0.00000     0.00000
      z     0.00000     0.00000     0.00000     0.00000     0.00000     0.34269
   C  x    -0.00000    -0.13361     0.00000     0.00000     0.42802     0.00000
      y     0.42642     0.00000    -0.26816     0.00000    -0.00000     0.00000
      z     0.00000     0.00000     0.00000     0.00000     0.00000    -0.34269
   H  x     0.00000     0.23054    -0.00000     0.00000    -0.11441    -0.16356
      y    -0.39885    -0.00000     0.46265    -0.50000     0.00000     0.00000
      z     0.00000     0.43351     0.00000     0.00000    -0.38120    -0.40563
   H  x     0.00000     0.23054    -0.00000    -0.00000    -0.11441     0.16356
      y    -0.39885    -0.00000     0.46265     0.50000     0.00000    -0.00000
      z     0.00000    -0.43351     0.00000     0.00000     0.38120    -0.40563
   H  x    -0.00000     0.23054    -0.00000     0.00000     0.11441     0.16356
      y     0.39885    -0.00000     0.46265    -0.50000    -0.00000    -0.00000
      z     0.00000     0.43351     0.00000     0.00000     0.38120     0.40563
   H  x    -0.00000     0.23054    -0.00000    -0.00000     0.11441    -0.16356
      y     0.39885    -0.00000     0.46265     0.50000    -0.00000     0.00000
      z     0.00000    -0.43351     0.00000     0.00000    -0.38120     0.40563


  Mode        7           8           9          10          11          12

  Freq.   1481.56     1674.89     3175.16     3192.79     3264.90     3291.57
  
   C  x     0.00000     0.00000     0.00000     0.00000    -0.22953    -0.23248
      y     0.00000     0.00000     0.00000     0.00000     0.00000     0.00000
      z    -0.22703    -0.59083    -0.14271    -0.18294     0.00000     0.00000
   C  x     0.00000     0.00000     0.00000     0.00000     0.22953    -0.23248
      y     0.00000     0.00000     0.00000     0.00000    -0.00000     0.00000
      z    -0.22703     0.59083    -0.14271     0.18294     0.00000     0.00000
   H  x     0.26607    -0.22374    -0.42333     0.41617    -0.40179     0.40112
      y    -0.00000     0.00000     0.00000    -0.00000     0.00000    -0.00000
      z     0.39171    -0.15937     0.24620    -0.24509     0.24944    -0.24915
   H  x    -0.26607     0.22374     0.42333    -0.41617    -0.40179     0.40112
      y     0.00000    -0.00000    -0.00000     0.00000     0.00000    -0.00000
      z     0.39171    -0.15937     0.24620    -0.24509    -0.24944     0.24915
   H  x     0.26607     0.22374    -0.42333    -0.41617     0.40179     0.40112
      y    -0.00000    -0.00000     0.00000     0.00000    -0.00000    -0.00000
      z     0.39171     0.15937     0.24620     0.24509    -0.24944    -0.24915
   H  x    -0.26607    -0.22374     0.42333     0.41617     0.40179     0.40112
      y     0.00000     0.00000    -0.00000    -0.00000    -0.00000    -0.00000
      z     0.39171     0.15937     0.24620     0.24509     0.24944     0.24915



    +----------------------------------------------------+
    |  Transformation matrix J from the normal modes of  |
    |  state 2 (Q2) to those of the state 1 (Q1)         |
    |                                                    |
    |        Q1 = J * Q2 + K       (J = L1^(tr)L2)       |
    +----------------------------------------------------+


                   1           2           3           4           5           6
 
    1       -0.00000     0.00000    -0.79757     0.00000    -0.23973     0.00000
    2        0.30416    -0.82463     0.00000     0.00000     0.00000     0.00000
    3        0.00000     0.00000     0.00000    -0.70211     0.00000    -0.23753
    4       -0.74782    -0.47261     0.00000    -0.00000    -0.00001    -0.00000
    5        0.00002     0.00001     0.10845     0.00000    -0.95354     0.00000
    6        0.00000     0.00000     0.00000    -0.15993     0.00000     0.93330
    7        0.00000     0.00000     0.00000    -0.00000     0.00000     0.00000
    8        0.00000     0.00000     0.00000     0.35517     0.00000    -0.24328
    9        0.00000     0.00000     0.00000     0.00000     0.00000    -0.00000
   10        0.00000     0.00000     0.00000    -0.59609     0.00000    -0.11556
   11       -0.59009     0.17744     0.00001     0.00000    -0.00000     0.00000
   12       -0.00001     0.00001    -0.59340     0.00000     0.14794     0.00000

                   7           8           9          10          11          12
 
    1        0.00000     0.00000     0.00000     0.00000     0.54911     0.00000
    2        0.00000     0.00000     0.00000     0.00000     0.00000    -0.45339
    3        0.00000    -0.30264     0.00000     0.59920     0.00000     0.00000
    4        0.00000    -0.00000    -0.00000     0.00000     0.00000     0.42240
    5        0.00000     0.00000     0.00000     0.00000    -0.26912    -0.00000
    6        0.00001    -0.32085     0.00000     0.02053     0.00000     0.00000
    7       -0.91638     0.00000    -0.14817     0.00000     0.00000     0.00000
    8        0.00000    -0.89299     0.00000    -0.13130     0.00000     0.00000
    9       -0.12218    -0.00000    -0.78114    -0.00000    -0.00000    -0.00000
   10        0.00000    -0.08951     0.00000    -0.78950     0.00000     0.00000
   11       -0.00000     0.00000    -0.00000     0.00000     0.00001    -0.77103
   12        0.00000     0.00000     0.00000     0.00000    -0.78722    -0.00000


  -------------------
  Metric determinant:  0.660836
  -------------------



  +--------------------------------------------------------------+
  |  Frequencies of the vibrations of the two electronic states  |
  |  their difference and normal coordinates shift K:            |
  |                                                              |
  |    Q1 = L1(tr)*(x-x01); Q2=L2(tr)*(x-x02)                    |
  |    Q1 = J Q2 + K;  J = L1(tr)*L2; K = L1(tr)*(x02-x01)       |
  +--------------------------------------------------------------+


  ---------
  Molecule: c2h4                
  ---------



  Mode    freq. |1>    freq. |2>   K (adim)   J(tr)*K (adim)   K (Ang*amu^1/2)   J(tr)*K (Ang*amu^1/2)

    1      732.92        756.05         0.000        0.000        0.000        0.000
    2      744.70        829.46        -0.000       -0.000       -0.000       -0.000
    3      945.70        956.72        -7.079        0.000       -1.337        0.000
    4     1003.52       1057.88        -0.000       -7.322       -0.000       -1.307
    5     1009.96       1237.54         0.000        0.000        0.000        0.000
    6     1356.04       1382.14         0.047       -2.050        0.007       -0.320
    7     1384.75       1481.56         0.000       -0.000        0.000       -0.000
    8     1529.40       1674.89         1.637       -1.605        0.243       -0.228
    9     3092.93       3175.16        -0.000        0.000       -0.000        0.000
   10     3133.33       3192.79        -4.588        4.446       -0.476        0.457
   11     3150.98       3264.90         0.000        0.000        0.000        0.000
   12     3151.54       3291.57        -0.000        0.000       -0.000        0.000


  -------------------
  Reduced Frequencies
  -------------------

  ---------
  Molecule: c2h4                
  ---------

    1      21.739       22.425
    2      22.088       24.602
    3      28.050       28.377
    4      29.765       31.377
    5      29.956       36.706
    6      40.221       40.995
    7      41.072       43.944
    8      45.363       49.678
    9      91.737       94.176
   10      92.935       94.699
   11      93.459       96.838
   12      93.476       97.629

  -----------------------
  Reorganization Energies
  -----------------------
                    cm-1      meV       e-ph 
    1  732.92       0.000     0.00000       0.0
    2  744.70       0.000     0.00000      -0.0
    3  945.70   23692.351  2937.49310   -6694.1
    4 1003.52       0.000     0.00000      -0.0
    5 1009.96       0.000     0.00000       0.0
    6 1356.04       1.484     0.18400      63.4
    7 1384.75       0.000     0.00000       0.0
    8 1529.40    2049.435   254.09896    2503.8
    9 3092.93       0.000     0.00000      -0.0
   10 3133.33   32978.505  4088.83576  -14375.8
   11 3150.98       0.000     0.00000       0.0
   12 3151.54       0.000     0.00000      -0.0

  -----------------------
  Total Reorganization Energy
  ---------------------------
  Lambda  58721.775     7280.612



  +--------------------------------------+
  | Franck-Condon Integrals Calculation  |
  +--------------------------------------+


  +---------------+
  | Group  1      |
  +---------------+

  ==> Excited state: S0                                                                                                  

    --> Excited Molecule:  c2h4                                                                                                

    Vibration ID    Frequency    Quanta (States=Quanta+1)

      1              756.05     50
      2              829.46     50


  Num. Franck-Condon Integrals :       2601

  Perturbative Franck-Condon calculation


  Franck-Condon factors sum:      0.000000

  Simulated Spectrum written in file fc.dat
  Emin:       0.00
  Emax:    2000.00
  DE:       0.50
  NPT:    4001
  FWHM: **********
  Temp:    298.150


                      ===============================================
                      Job finished on:  26  November 2015 at 17:17:18
                      ===============================================


