                   +--------------------------------------------------+
                   |          Molecular Franck-Condon Factors         |
                   |               Calculation  Package               |
                   |             Version 3.0       Jan 2015           |
                   |                                                  |
                   |              Theoretical Chemistry               |
                   |               University of Torino               |
                   |                                                  |
                   |                                                  |
                   |            Implemented and mantained by          |
                   |                Raffaele Borrelli                 |
                   |            raffaele.borrelli@unito.it            |
                   +--------------------------------------------------+



                      ==============================================
                      Job started on:  26  November 2015 at 16:32:29
                      ==============================================




  =========================================
  Process ID:   20760
  Running on host: silversurfer.lan                                  
  =========================================

